nCXWangShangZhengWu/build/outputs/logs/manifest-merger-debug-report.txt
-- Merging decision tree log ---
manifest
ADDED from src\main\AndroidManifest.xml:2:1-296:12
	package
		ADDED from src\main\AndroidManifest.xml:3:5-32
		INJECTED from src\main\AndroidManifest.xml
		INJECTED from src\main\AndroidManifest.xml
	android:versionName
		ADDED from src\main\AndroidManifest.xml:5:5-32
	android:versionCode
		ADDED from src\main\AndroidManifest.xml:4:5-29
		INJECTED from src\main\AndroidManifest.xml
		INJECTED from src\main\AndroidManifest.xml
	xmlns:android
		ADDED from src\main\AndroidManifest.xml:2:11-69
	android:anyDensity
		ADDED from src\main\AndroidManifest.xml:6:5-30
uses-sdk
ADDED from src\main\AndroidManifest.xml:8:5-10:41
MERGED from [NCXWangShangZhengWu:library:unspecified] AndroidManifest.xml:7:5-9:40
MERGED from [com.android.support:support-v4:20.0.0] AndroidManifest.xml:16:5-42
MERGED from [com.android.support:appcompat-v7:20.0.0] AndroidManifest.xml:16:5-42
MERGED from [com.android.support:support-v4:20.0.0] AndroidManifest.xml:16:5-42
	android:targetSdkVersion
		ADDED from src\main\AndroidManifest.xml:10:9-38
		INJECTED from src\main\AndroidManifest.xml
		INJECTED from src\main\AndroidManifest.xml
	android:minSdkVersion
		ADDED from src\main\AndroidManifest.xml:9:9-35
		INJECTED from src\main\AndroidManifest.xml
		INJECTED from src\main\AndroidManifest.xml
uses-permission#android.permission.ACCESS_FINE_LOCATION
ADDED from src\main\AndroidManifest.xml:12:5-79
	android:name
		ADDED from src\main\AndroidManifest.xml:12:22-76
uses-permission#android.permission.ACCESS_WIFI_STATE
ADDED from src\main\AndroidManifest.xml:13:5-76
	android:name
		ADDED from src\main\AndroidManifest.xml:13:22-73
uses-permission#android.permission.CHANGE_WIFI_STATE
ADDED from src\main\AndroidManifest.xml:14:5-76
	android:name
		ADDED from src\main\AndroidManifest.xml:14:22-73
uses-permission#android.permission.ACCESS_COARSE_LOCATION
ADDED from src\main\AndroidManifest.xml:15:5-81
	android:name
		ADDED from src\main\AndroidManifest.xml:15:22-78
uses-permission#android.permission.MOUNT_UNMOUNT_FILESYSTEMS
ADDED from src\main\AndroidManifest.xml:16:5-84
	android:name
		ADDED from src\main\AndroidManifest.xml:16:22-81
uses-permission#android.permission.READ_LOGS
ADDED from src\main\AndroidManifest.xml:17:5-68
	android:name
		ADDED from src\main\AndroidManifest.xml:17:22-65
uses-permission#android.permission.SYSTEM_ALERT_WINDOW
ADDED from src\main\AndroidManifest.xml:18:5-78
	android:name
		ADDED from src\main\AndroidManifest.xml:18:22-75
uses-permission#android.permission.GET_TASKS
ADDED from src\main\AndroidManifest.xml:19:5-68
	android:name
		ADDED from src\main\AndroidManifest.xml:19:22-65
uses-permission#android.permission.INTERNET
ADDED from src\main\AndroidManifest.xml:20:5-67
	android:name
		ADDED from src\main\AndroidManifest.xml:20:22-64
uses-permission#android.permission.WRITE_EXTERNAL_STORAGE
ADDED from src\main\AndroidManifest.xml:21:5-81
	android:name
		ADDED from src\main\AndroidManifest.xml:21:22-78
uses-permission#android.permission.ACCESS_NETWORK_STATE
ADDED from src\main\AndroidManifest.xml:22:5-79
	android:name
		ADDED from src\main\AndroidManifest.xml:22:22-76
uses-permission#android.permission.READ_PHONE_STATE
ADDED from src\main\AndroidManifest.xml:23:5-75
	android:name
		ADDED from src\main\AndroidManifest.xml:23:22-72
uses-permission#android.permission.CALL_PHONE
ADDED from src\main\AndroidManifest.xml:25:5-69
	android:name
		ADDED from src\main\AndroidManifest.xml:25:22-66
uses-permission#android.permission.VIBRATE
ADDED from src\main\AndroidManifest.xml:27:5-66
	android:name
		ADDED from src\main\AndroidManifest.xml:27:22-63
application
ADDED from src\main\AndroidManifest.xml:29:5-294:19
MERGED from [com.android.support:support-v4:20.0.0] AndroidManifest.xml:17:5-19
MERGED from [com.android.support:appcompat-v7:20.0.0] AndroidManifest.xml:17:5-19
MERGED from [com.android.support:support-v4:20.0.0] AndroidManifest.xml:17:5-19
	android:label
		ADDED from src\main\AndroidManifest.xml:33:9-41
	android:allowBackup
		ADDED from src\main\AndroidManifest.xml:31:9-35
	android:icon
		ADDED from src\main\AndroidManifest.xml:32:9-47
	android:theme
		ADDED from src\main\AndroidManifest.xml:34:9-62
	android:name
		ADDED from src\main\AndroidManifest.xml:30:9-53
activity#com.WSZW.Activity.LoadingActivity_
ADDED from src\main\AndroidManifest.xml:35:9-43:20
	android:label
		ADDED from src\main\AndroidManifest.xml:37:13-45
	android:name
		ADDED from src\main\AndroidManifest.xml:36:13-62
intent-filter#android.intent.action.MAIN+android.intent.category.LAUNCHER
ADDED from src\main\AndroidManifest.xml:38:13-42:29
action#android.intent.action.MAIN
ADDED from src\main\AndroidManifest.xml:39:17-69
	android:name
		ADDED from src\main\AndroidManifest.xml:39:25-66
category#android.intent.category.LAUNCHER
ADDED from src\main\AndroidManifest.xml:41:17-77
	android:name
		ADDED from src\main\AndroidManifest.xml:41:27-74
activity#com.WSZW.Activity.MainActivity
ADDED from src\main\AndroidManifest.xml:44:9-48:52
	android:screenOrientation
		ADDED from src\main\AndroidManifest.xml:48:13-49
	android:label
		ADDED from src\main\AndroidManifest.xml:47:13-45
	android:configChanges
		ADDED from src\main\AndroidManifest.xml:46:13-63
	android:name
		ADDED from src\main\AndroidManifest.xml:45:13-58
activity#com.WSZW.Activity.BaseActivity
ADDED from src\main\AndroidManifest.xml:49:9-53:52
	android:screenOrientation
		ADDED from src\main\AndroidManifest.xml:53:13-49
	android:label
		ADDED from src\main\AndroidManifest.xml:52:13-45
	android:configChanges
		ADDED from src\main\AndroidManifest.xml:51:13-63
	android:name
		ADDED from src\main\AndroidManifest.xml:50:13-58
activity#com.WSZW.Activity.ZMHD_ClickChaKan_activity
ADDED from src\main\AndroidManifest.xml:54:10-58:52
	android:screenOrientation
		ADDED from src\main\AndroidManifest.xml:58:13-49
	android:label
		ADDED from src\main\AndroidManifest.xml:57:13-45
	android:configChanges
		ADDED from src\main\AndroidManifest.xml:56:13-63
	android:name
		ADDED from src\main\AndroidManifest.xml:55:13-71
activity#com.WSZW.Activity.GZLMActivity
ADDED from src\main\AndroidManifest.xml:59:9-63:52
	android:screenOrientation
		ADDED from src\main\AndroidManifest.xml:63:13-49
	android:label
		ADDED from src\main\AndroidManifest.xml:62:13-45
	android:configChanges
		ADDED from src\main\AndroidManifest.xml:61:13-63
	android:name
		ADDED from src\main\AndroidManifest.xml:60:13-58
activity#com.WSZW.Activity.ChannelActivity
ADDED from src\main\AndroidManifest.xml:64:9-68:52
	android:screenOrientation
		ADDED from src\main\AndroidManifest.xml:68:13-49
	android:label
		ADDED from src\main\AndroidManifest.xml:67:13-45
	android:configChanges
		ADDED from src\main\AndroidManifest.xml:66:13-63
	android:name
		ADDED from src\main\AndroidManifest.xml:65:13-61
activity#com.WSZW.Activity.ZMHDActivity
ADDED from src\main\AndroidManifest.xml:69:9-73:52
	android:screenOrientation
		ADDED from src\main\AndroidManifest.xml:73:13-49
	android:label
		ADDED from src\main\AndroidManifest.xml:72:13-45
	android:configChanges
		ADDED from src\main\AndroidManifest.xml:71:13-63
	android:name
		ADDED from src\main\AndroidManifest.xml:70:13-58
activity#com.WSZW.Activity.ZWFWActivity
ADDED from src\main\AndroidManifest.xml:74:9-78:52
	android:screenOrientation
		ADDED from src\main\AndroidManifest.xml:78:13-49
	android:label
		ADDED from src\main\AndroidManifest.xml:77:13-45
	android:configChanges
		ADDED from src\main\AndroidManifest.xml:76:13-63
	android:name
		ADDED from src\main\AndroidManifest.xml:75:13-58
activity#com.WSZW.Activity.ZWGKActivity
ADDED from src\main\AndroidManifest.xml:79:9-83:52
	android:screenOrientation
		ADDED from src\main\AndroidManifest.xml:83:13-49
	android:label
		ADDED from src\main\AndroidManifest.xml:82:13-45
	android:configChanges
		ADDED from src\main\AndroidManifest.xml:81:13-63
	android:name
		ADDED from src\main\AndroidManifest.xml:80:13-58
activity#com.WSZW.Activity.ZWFW_List_Activity
ADDED from src\main\AndroidManifest.xml:84:9-88:52
	android:screenOrientation
		ADDED from src\main\AndroidManifest.xml:88:13-49
	android:label
		ADDED from src\main\AndroidManifest.xml:87:13-45
	android:configChanges
		ADDED from src\main\AndroidManifest.xml:86:13-63
	android:name
		ADDED from src\main\AndroidManifest.xml:85:13-64
activity#com.WSZW.Activity.ZWFW_Detail_Activity
ADDED from src\main\AndroidManifest.xml:89:9-93:52
	android:screenOrientation
		ADDED from src\main\AndroidManifest.xml:93:13-49
	android:label
		ADDED from src\main\AndroidManifest.xml:92:13-45
	android:configChanges
		ADDED from src\main\AndroidManifest.xml:91:13-63
	android:name
		ADDED from src\main\AndroidManifest.xml:90:13-66
activity#com.WSZW.Activity.ZWFW_Detail_xzcf_Activity
ADDED from src\main\AndroidManifest.xml:94:9-98:52
	android:screenOrientation
		ADDED from src\main\AndroidManifest.xml:98:13-49
	android:label
		ADDED from src\main\AndroidManifest.xml:97:13-45
	android:configChanges
		ADDED from src\main\AndroidManifest.xml:96:13-63
	android:name
		ADDED from src\main\AndroidManifest.xml:95:13-71
activity#com.WSZW.Activity.ZWFW_Show_WebView_Activity
ADDED from src\main\AndroidManifest.xml:99:9-103:52
	android:screenOrientation
		ADDED from src\main\AndroidManifest.xml:103:13-49
	android:label
		ADDED from src\main\AndroidManifest.xml:102:13-45
	android:configChanges
		ADDED from src\main\AndroidManifest.xml:101:13-63
	android:name
		ADDED from src\main\AndroidManifest.xml:100:13-72
activity#com.WSZW.Activity.DrIqActivity
ADDED from src\main\AndroidManifest.xml:104:9-108:52
	android:screenOrientation
		ADDED from src\main\AndroidManifest.xml:108:13-49
	android:label
		ADDED from src\main\AndroidManifest.xml:107:13-45
	android:configChanges
		ADDED from src\main\AndroidManifest.xml:106:13-63
	android:name
		ADDED from src\main\AndroidManifest.xml:105:13-58
activity#com.WSZW.Activity.DrIqActivity2
ADDED from src\main\AndroidManifest.xml:109:9-113:52
	android:screenOrientation
		ADDED from src\main\AndroidManifest.xml:113:13-49
	android:label
		ADDED from src\main\AndroidManifest.xml:112:13-45
	android:configChanges
		ADDED from src\main\AndroidManifest.xml:111:13-63
	android:name
		ADDED from src\main\AndroidManifest.xml:110:13-59
activity#com.WSZW.Activity.DsElActivity
ADDED from src\main\AndroidManifest.xml:114:9-118:52
	android:screenOrientation
		ADDED from src\main\AndroidManifest.xml:118:13-49
	android:label
		ADDED from src\main\AndroidManifest.xml:117:13-45
	android:configChanges
		ADDED from src\main\AndroidManifest.xml:116:13-63
	android:name
		ADDED from src\main\AndroidManifest.xml:115:13-58
activity#com.WSZW.Activity.ZWFW_FWPY_MainActivity
ADDED from src\main\AndroidManifest.xml:119:9-123:52
	android:screenOrientation
		ADDED from src\main\AndroidManifest.xml:123:13-49
	android:label
		ADDED from src\main\AndroidManifest.xml:122:13-45
	android:configChanges
		ADDED from src\main\AndroidManifest.xml:121:13-63
	android:name
		ADDED from src\main\AndroidManifest.xml:120:13-68
activity#com.WSZW.Activity.ZWFW_FWPY_TwoActivity
ADDED from src\main\AndroidManifest.xml:124:9-128:52
	android:screenOrientation
		ADDED from src\main\AndroidManifest.xml:128:13-49
	android:label
		ADDED from src\main\AndroidManifest.xml:127:13-45
	android:configChanges
		ADDED from src\main\AndroidManifest.xml:126:13-63
	android:name
		ADDED from src\main\AndroidManifest.xml:125:13-67
activity#com.WSZW.Activity.ZWFW_FWPY_ThreeActivity
ADDED from src\main\AndroidManifest.xml:129:9-133:52
	android:screenOrientation
		ADDED from src\main\AndroidManifest.xml:133:13-49
	android:label
		ADDED from src\main\AndroidManifest.xml:132:13-45
	android:configChanges
		ADDED from src\main\AndroidManifest.xml:131:13-63
	android:name
		ADDED from src\main\AndroidManifest.xml:130:13-69
activity#com.WSZW.Activity.GZLM_Fragment_shgles
ADDED from src\main\AndroidManifest.xml:134:9-138:52
	android:screenOrientation
		ADDED from src\main\AndroidManifest.xml:138:13-49
	android:label
		ADDED from src\main\AndroidManifest.xml:137:13-45
	android:configChanges
		ADDED from src\main\AndroidManifest.xml:136:13-63
	android:name
		ADDED from src\main\AndroidManifest.xml:135:13-66
activity#com.WSZW.Activity.GZLM_Content_mainActivity
ADDED from src\main\AndroidManifest.xml:139:9-143:52
	android:screenOrientation
		ADDED from src\main\AndroidManifest.xml:143:13-49
	android:label
		ADDED from src\main\AndroidManifest.xml:142:13-45
	android:configChanges
		ADDED from src\main\AndroidManifest.xml:141:13-63
	android:name
		ADDED from src\main\AndroidManifest.xml:140:13-71
activity#com.WSZW.Activity.GZLM_shglactivity
ADDED from src\main\AndroidManifest.xml:144:9-148:52
	android:screenOrientation
		ADDED from src\main\AndroidManifest.xml:148:13-49
	android:label
		ADDED from src\main\AndroidManifest.xml:147:13-45
	android:configChanges
		ADDED from src\main\AndroidManifest.xml:146:13-63
	android:name
		ADDED from src\main\AndroidManifest.xml:145:13-63
activity#com.WSZW.Activity.GZLM_list_mainActivity
ADDED from src\main\AndroidManifest.xml:149:9-153:52
	android:screenOrientation
		ADDED from src\main\AndroidManifest.xml:153:13-49
	android:label
		ADDED from src\main\AndroidManifest.xml:152:13-45
	android:configChanges
		ADDED from src\main\AndroidManifest.xml:151:13-63
	android:name
		ADDED from src\main\AndroidManifest.xml:150:13-68
activity#com.WSZW.Activity.GZLM_XqGk_list_Activity
ADDED from src\main\AndroidManifest.xml:154:9-158:52
	android:screenOrientation
		ADDED from src\main\AndroidManifest.xml:158:13-49
	android:label
		ADDED from src\main\AndroidManifest.xml:157:13-45
	android:configChanges
		ADDED from src\main\AndroidManifest.xml:156:13-63
	android:name
		ADDED from src\main\AndroidManifest.xml:155:13-69
activity#com.WSZW.Activity.GZLM_Xxgk_list_Activity
ADDED from src\main\AndroidManifest.xml:159:9-163:52
	android:screenOrientation
		ADDED from src\main\AndroidManifest.xml:163:13-49
	android:label
		ADDED from src\main\AndroidManifest.xml:162:13-45
	android:configChanges
		ADDED from src\main\AndroidManifest.xml:161:13-63
	android:name
		ADDED from src\main\AndroidManifest.xml:160:13-69
activity#com.WSZW.Activity.ZWGK_Content_mainActivity
ADDED from src\main\AndroidManifest.xml:164:9-168:52
	android:screenOrientation
		ADDED from src\main\AndroidManifest.xml:168:13-49
	android:label
		ADDED from src\main\AndroidManifest.xml:167:13-45
	android:configChanges
		ADDED from src\main\AndroidManifest.xml:166:13-63
	android:name
		ADDED from src\main\AndroidManifest.xml:165:13-71
activity#com.WSZW.Activity.GZLM_LdZc_list_Activity
ADDED from src\main\AndroidManifest.xml:169:9-173:52
	android:screenOrientation
		ADDED from src\main\AndroidManifest.xml:173:13-49
	android:label
		ADDED from src\main\AndroidManifest.xml:172:13-45
	android:configChanges
		ADDED from src\main\AndroidManifest.xml:171:13-63
	android:name
		ADDED from src\main\AndroidManifest.xml:170:13-69
activity#com.WSZW.Activity.GZLM_XqGk_chanle_Activity
ADDED from src\main\AndroidManifest.xml:174:9-178:52
	android:screenOrientation
		ADDED from src\main\AndroidManifest.xml:178:13-49
	android:label
		ADDED from src\main\AndroidManifest.xml:177:13-45
	android:configChanges
		ADDED from src\main\AndroidManifest.xml:176:13-63
	android:name
		ADDED from src\main\AndroidManifest.xml:175:13-71
activity#com.WSZW.Activity.GZLM_XqGk_cnnj_Activity
ADDED from src\main\AndroidManifest.xml:179:9-183:52
	android:screenOrientation
		ADDED from src\main\AndroidManifest.xml:183:13-49
	android:label
		ADDED from src\main\AndroidManifest.xml:182:13-45
	android:configChanges
		ADDED from src\main\AndroidManifest.xml:181:13-63
	android:name
		ADDED from src\main\AndroidManifest.xml:180:13-69
activity#com.WSZW.Activity.GZLM_Documents_mainActivity
ADDED from src\main\AndroidManifest.xml:184:9-188:52
	android:screenOrientation
		ADDED from src\main\AndroidManifest.xml:188:13-49
	android:label
		ADDED from src\main\AndroidManifest.xml:187:13-45
	android:configChanges
		ADDED from src\main\AndroidManifest.xml:186:13-63
	android:name
		ADDED from src\main\AndroidManifest.xml:185:13-73
activity#com.WSZW.Activity.GzLm_pictureContent_mainActivity
ADDED from src\main\AndroidManifest.xml:189:11-193:52
	android:screenOrientation
		ADDED from src\main\AndroidManifest.xml:193:13-49
	android:label
		ADDED from src\main\AndroidManifest.xml:192:13-45
	android:configChanges
		ADDED from src\main\AndroidManifest.xml:191:13-63
	android:name
		ADDED from src\main\AndroidManifest.xml:190:13-78
activity#com.WSZW.Activity.GzLm_pictureContent_Activity1
ADDED from src\main\AndroidManifest.xml:194:11-198:52
	android:screenOrientation
		ADDED from src\main\AndroidManifest.xml:198:13-49
	android:label
		ADDED from src\main\AndroidManifest.xml:197:13-45
	android:configChanges
		ADDED from src\main\AndroidManifest.xml:196:13-63
	android:name
		ADDED from src\main\AndroidManifest.xml:195:13-75
activity#com.WSZW.Activity.GzLm_pictureContent_Activity2
ADDED from src\main\AndroidManifest.xml:199:11-203:52
	android:screenOrientation
		ADDED from src\main\AndroidManifest.xml:203:13-49
	android:label
		ADDED from src\main\AndroidManifest.xml:202:13-45
	android:configChanges
		ADDED from src\main\AndroidManifest.xml:201:13-63
	android:name
		ADDED from src\main\AndroidManifest.xml:200:13-75
activity#com.WSZW.Activity.GzLm_pictureContent_Activity3
ADDED from src\main\AndroidManifest.xml:204:11-208:52
	android:screenOrientation
		ADDED from src\main\AndroidManifest.xml:208:13-49
	android:label
		ADDED from src\main\AndroidManifest.xml:207:13-45
	android:configChanges
		ADDED from src\main\AndroidManifest.xml:206:13-63
	android:name
		ADDED from src\main\AndroidManifest.xml:205:13-75
activity#com.WSZW.Activity.GzLm_pictureContent_Activity4
ADDED from src\main\AndroidManifest.xml:209:11-213:52
	android:screenOrientation
		ADDED from src\main\AndroidManifest.xml:213:13-49
	android:label
		ADDED from src\main\AndroidManifest.xml:212:13-45
	android:configChanges
		ADDED from src\main\AndroidManifest.xml:211:13-63
	android:name
		ADDED from src\main\AndroidManifest.xml:210:13-75
activity#com.WSZW.Activity.GzLm_pictureContent_Activity5
ADDED from src\main\AndroidManifest.xml:214:11-218:52
	android:screenOrientation
		ADDED from src\main\AndroidManifest.xml:218:13-49
	android:label
		ADDED from src\main\AndroidManifest.xml:217:13-45
	android:configChanges
		ADDED from src\main\AndroidManifest.xml:216:13-63
	android:name
		ADDED from src\main\AndroidManifest.xml:215:13-75
activity#com.WSZW.Activity.ZWGK_FirstColumn_mainActivity
ADDED from src\main\AndroidManifest.xml:219:11-223:52
	android:screenOrientation
		ADDED from src\main\AndroidManifest.xml:223:13-49
	android:label
		ADDED from src\main\AndroidManifest.xml:222:13-45
	android:configChanges
		ADDED from src\main\AndroidManifest.xml:221:13-63
	android:name
		ADDED from src\main\AndroidManifest.xml:220:13-75
activity#com.WSZW.Activity.ZWGK_TwoColumn_mainActivity
ADDED from src\main\AndroidManifest.xml:224:11-228:52
	android:screenOrientation
		ADDED from src\main\AndroidManifest.xml:228:13-49
	android:label
		ADDED from src\main\AndroidManifest.xml:227:13-45
	android:configChanges
		ADDED from src\main\AndroidManifest.xml:226:13-63
	android:name
		ADDED from src\main\AndroidManifest.xml:225:13-73
activity#com.WSZW.Activity.ZWGK_formContent_mainActivity
ADDED from src\main\AndroidManifest.xml:229:11-233:52
	android:screenOrientation
		ADDED from src\main\AndroidManifest.xml:233:13-49
	android:label
		ADDED from src\main\AndroidManifest.xml:232:13-45
	android:configChanges
		ADDED from src\main\AndroidManifest.xml:231:13-63
	android:name
		ADDED from src\main\AndroidManifest.xml:230:13-75
activity#com.WSZW.Activity.ZWGK_Form_content_mainActivity
ADDED from src\main\AndroidManifest.xml:234:11-238:52
	android:screenOrientation
		ADDED from src\main\AndroidManifest.xml:238:13-49
	android:label
		ADDED from src\main\AndroidManifest.xml:237:13-45
	android:configChanges
		ADDED from src\main\AndroidManifest.xml:236:13-63
	android:name
		ADDED from src\main\AndroidManifest.xml:235:13-76
activity#com.WSZW.Activity.ZWFW_Activity_Bmfw
ADDED from src\main\AndroidManifest.xml:239:11-243:52
	android:screenOrientation
		ADDED from src\main\AndroidManifest.xml:243:13-49
	android:label
		ADDED from src\main\AndroidManifest.xml:242:13-45
	android:configChanges
		ADDED from src\main\AndroidManifest.xml:241:15-65
	android:name
		ADDED from src\main\AndroidManifest.xml:240:15-66
activity#com.WSZW.Activity.ZWFW_Zxsb_Activity_
ADDED from src\main\AndroidManifest.xml:244:11-248:52
	android:screenOrientation
		ADDED from src\main\AndroidManifest.xml:248:13-49
	android:label
		ADDED from src\main\AndroidManifest.xml:247:13-45
	android:configChanges
		ADDED from src\main\AndroidManifest.xml:246:15-65
	android:name
		ADDED from src\main\AndroidManifest.xml:245:15-67
activity#com.WSZW.Activity.ZWFW_Zxsb_Activity
ADDED from src\main\AndroidManifest.xml:249:11-253:52
	android:screenOrientation
		ADDED from src\main\AndroidManifest.xml:253:13-49
	android:label
		ADDED from src\main\AndroidManifest.xml:252:13-45
	android:configChanges
		ADDED from src\main\AndroidManifest.xml:251:15-65
	android:name
		ADDED from src\main\AndroidManifest.xml:250:15-66
service#com.umeng.update.net.DownloadingService
ADDED from src\main\AndroidManifest.xml:254:9-257:19
	android:process
		ADDED from src\main\AndroidManifest.xml:256:13-50
	android:name
		ADDED from src\main\AndroidManifest.xml:255:13-67
activity#com.WSZW.Activity.PritureShowActivity_
ADDED from src\main\AndroidManifest.xml:258:9-261:52
	android:screenOrientation
		ADDED from src\main\AndroidManifest.xml:261:13-49
	android:label
		ADDED from src\main\AndroidManifest.xml:260:13-45
	android:configChanges
		ADDED from src\main\AndroidManifest.xml:259:13-63
	android:name
		ADDED from src\main\AndroidManifest.xml:258:19-72
activity#com.WSZW.Activity.ChiocePritureMethodActiivty_
ADDED from src\main\AndroidManifest.xml:263:8-266:52
	android:screenOrientation
		ADDED from src\main\AndroidManifest.xml:266:13-49
	android:label
		ADDED from src\main\AndroidManifest.xml:265:13-45
	android:configChanges
		ADDED from src\main\AndroidManifest.xml:264:12-62
	android:name
		ADDED from src\main\AndroidManifest.xml:263:18-79
activity#com.WSZW.Activity.Base_DetailActivity_
ADDED from src\main\AndroidManifest.xml:268:8-271:52
	android:screenOrientation
		ADDED from src\main\AndroidManifest.xml:271:13-49
	android:label
		ADDED from src\main\AndroidManifest.xml:270:13-45
	android:configChanges
		ADDED from src\main\AndroidManifest.xml:269:12-62
	android:name
		ADDED from src\main\AndroidManifest.xml:268:18-71
activity#com.WSZW.Activity.ZWFW_ZXSB_Bdtj_Activity
ADDED from src\main\AndroidManifest.xml:272:8-275:52
	android:screenOrientation
		ADDED from src\main\AndroidManifest.xml:275:13-49
	android:label
		ADDED from src\main\AndroidManifest.xml:274:13-45
	android:configChanges
		ADDED from src\main\AndroidManifest.xml:273:12-62
	android:name
		ADDED from src\main\AndroidManifest.xml:272:18-74
activity#com.WSZW.Activity.ZWFW_ZXSB_Scfj_Activity
ADDED from src\main\AndroidManifest.xml:276:9-279:52
	android:screenOrientation
		ADDED from src\main\AndroidManifest.xml:279:13-49
	android:label
		ADDED from src\main\AndroidManifest.xml:278:13-45
	android:configChanges
		ADDED from src\main\AndroidManifest.xml:277:13-63
	android:name
		ADDED from src\main\AndroidManifest.xml:276:19-75
activity#com.WSZW.Activity.ZWFW_ZXSB_bdlr_Activity_
ADDED from src\main\AndroidManifest.xml:280:9-283:51
	android:screenOrientation
		ADDED from src\main\AndroidManifest.xml:283:13-49
	android:label
		ADDED from src\main\AndroidManifest.xml:282:13-45
	android:configChanges
		ADDED from src\main\AndroidManifest.xml:281:13-63
	android:name
		ADDED from src\main\AndroidManifest.xml:280:19-76
activity#com.umeng.update.UpdateDialogActivity
ADDED from src\main\AndroidManifest.xml:284:9-287:20
	android:theme
		ADDED from src\main\AndroidManifest.xml:286:13-72
	android:name
		ADDED from src\main\AndroidManifest.xml:285:13-65
meta-data#UMENG_APPKEY
ADDED from src\main\AndroidManifest.xml:288:9-290:56
	android:value
		ADDED from src\main\AndroidManifest.xml:290:13-53
	android:name
		ADDED from src\main\AndroidManifest.xml:289:13-40
meta-data#UMENG_CHANNEL
ADDED from src\main\AndroidManifest.xml:291:9-293:42
	android:value
		ADDED from src\main\AndroidManifest.xml:293:13-39
	android:name
		ADDED from src\main\AndroidManifest.xml:292:13-41